<?xml version="1.0" encoding="UTF-8"?>
<!-- Generated by org.testng.reporters.JUnitXMLReporter -->
<testsuite ignored="3" hostname="MSI" failures="0" tests="1" name="Default test" time="22.269" errors="0" timestamp="2025-03-18T17:44:02 IST">
  <testcase classname="com.crm.SalesAndInventorySystemProject.AdminModule.CreateCustomerTest" name="customerReflectInSalesPageTest" time="15.918"/>
  <testcase classname="com.crm.SalesAndInventorySystemProject.AdminModule.CreateCustomerTest" name="createCustomerTest" time="0.0">
    <ignored/>
  </testcase> <!-- createCustomerTest -->
  <testcase classname="com.crm.SalesAndInventorySystemProject.AdminModule.CreateCustomerTest" name="updateCustomerTest" time="0.0">
    <ignored/>
  </testcase> <!-- updateCustomerTest -->
  <testcase classname="com.crm.SalesAndInventorySystemProject.AdminModule.CreateCustomerTest" name="searchCustomerTest" time="0.0">
    <ignored/>
  </testcase> <!-- searchCustomerTest -->
</testsuite> <!-- Default test -->
