<?xml version="1.0" encoding="UTF-8"?>
<testng-results ignored="0" total="1" passed="1" failed="0" skipped="0">
  <reporter-output>
  </reporter-output>
  <suite started-at="2025-03-18T17:43:40 IST" name="Default suite" finished-at="2025-03-18T17:44:02 IST" duration-ms="22269">
    <groups>
      <group name="IntegrationTest">
        <method signature="CreateCustomerTest.customerReflectInSalesPageTest()[pri:0, instance:com.crm.SalesAndInventorySystemProject.AdminModule.CreateCustomerTest@40005471]" name="customerReflectInSalesPageTest" class="com.crm.SalesAndInventorySystemProject.AdminModule.CreateCustomerTest"/>
      </group> <!-- IntegrationTest -->
    </groups>
    <test started-at="2025-03-18T17:43:40 IST" name="Default test" finished-at="2025-03-18T17:44:02 IST" duration-ms="22269">
      <class name="com.crm.SalesAndInventorySystemProject.AdminModule.CreateCustomerTest">
        <test-method is-config="true" signature="configBS()[pri:0, instance:com.crm.SalesAndInventorySystemProject.AdminModule.CreateCustomerTest@40005471]" started-at="2025-03-18T17:43:34 IST" name="configBS" finished-at="2025-03-18T17:43:40 IST" duration-ms="5418" status="PASS">
          <reporter-output>
          </reporter-output>
        </test-method> <!-- configBS -->
        <test-method is-config="true" signature="configCS()[pri:0, instance:com.crm.SalesAndInventorySystemProject.AdminModule.CreateCustomerTest@40005471]" started-at="2025-03-18T17:43:40 IST" name="configCS" finished-at="2025-03-18T17:43:44 IST" duration-ms="4338" status="PASS">
          <reporter-output>
          </reporter-output>
        </test-method> <!-- configCS -->
        <test-method is-config="true" signature="configBM()[pri:0, instance:com.crm.SalesAndInventorySystemProject.AdminModule.CreateCustomerTest@40005471]" started-at="2025-03-18T17:43:44 IST" name="configBM" finished-at="2025-03-18T17:43:44 IST" duration-ms="263" status="PASS">
          <reporter-output>
          </reporter-output>
        </test-method> <!-- configBM -->
        <test-method signature="customerReflectInSalesPageTest()[pri:0, instance:com.crm.SalesAndInventorySystemProject.AdminModule.CreateCustomerTest@40005471]" started-at="2025-03-18T17:43:44 IST" name="customerReflectInSalesPageTest" finished-at="2025-03-18T17:44:00 IST" duration-ms="15918" status="PASS">
          <reporter-output>
          </reporter-output>
        </test-method> <!-- customerReflectInSalesPageTest -->
        <test-method is-config="true" signature="configAM()[pri:0, instance:com.crm.SalesAndInventorySystemProject.AdminModule.CreateCustomerTest@40005471]" started-at="2025-03-18T17:44:00 IST" name="configAM" finished-at="2025-03-18T17:44:02 IST" duration-ms="1545" status="PASS">
          <reporter-output>
          </reporter-output>
        </test-method> <!-- configAM -->
        <test-method is-config="true" signature="configAC()[pri:0, instance:com.crm.SalesAndInventorySystemProject.AdminModule.CreateCustomerTest@40005471]" started-at="2025-03-18T17:44:02 IST" name="configAC" finished-at="2025-03-18T17:44:02 IST" duration-ms="179" status="PASS">
          <reporter-output>
          </reporter-output>
        </test-method> <!-- configAC -->
        <test-method is-config="true" signature="configAS()[pri:0, instance:com.crm.SalesAndInventorySystemProject.AdminModule.CreateCustomerTest@40005471]" started-at="2025-03-18T17:44:02 IST" name="configAS" finished-at="2025-03-18T17:44:02 IST" duration-ms="5" status="PASS">
          <reporter-output>
          </reporter-output>
        </test-method> <!-- configAS -->
      </class> <!-- com.crm.SalesAndInventorySystemProject.AdminModule.CreateCustomerTest -->
    </test> <!-- Default test -->
  </suite> <!-- Default suite -->
</testng-results>
